[debug] [2022-01-22T17:20:39.415Z] ----------------------------------------------------------------------
[debug] [2022-01-22T17:20:39.417Z] Command:       C:\Program Files\nodejs\node.exe C:\Users\WiNDows\AppData\Roaming\npm\node_modules\firebase-tools\lib\bin\firebase.js init
[debug] [2022-01-22T17:20:39.417Z] CLI Version:   10.1.2
[debug] [2022-01-22T17:20:39.417Z] Platform:      win32
[debug] [2022-01-22T17:20:39.417Z] Node Version:  v14.15.0
[debug] [2022-01-22T17:20:39.418Z] Time:          Sat Jan 22 2022 20:20:39 GMT+0300 (Arabian Standard Time)
[debug] [2022-01-22T17:20:39.419Z] ----------------------------------------------------------------------
[debug] 
[debug] [2022-01-22T17:20:39.468Z] > command requires scopes: ["email","openid","https://www.googleapis.com/auth/cloudplatformprojects.readonly","https://www.googleapis.com/auth/firebase","https://www.googleapis.com/auth/cloud-platform"]
[debug] [2022-01-22T17:20:39.468Z] > authorizing via signed-in user (shahadatgithub2020@gmail.com)
[info] 
     ######## #### ########  ######## ########     ###     ######  ########
     ##        ##  ##     ## ##       ##     ##  ##   ##  ##       ##
     ######    ##  ########  ######   ########  #########  ######  ######
     ##        ##  ##    ##  ##       ##     ## ##     ##       ## ##
     ##       #### ##     ## ######## ########  ##     ##  ######  ########

You're about to initialize a Firebase project in this directory:

  D:\WEB-RESET-3\MY-PERSONAL-PROJECT\Super-play

Before we get started, keep in mind:

  * You are initializing within an existing Firebase project directory

[info] 
=== Project Setup
[info] 
[info] First, let's associate this project directory with a Firebase project.
[info] You can create multiple project aliases by running firebase use --add, 
[info] but for now we'll just set up a default project.
[info] 
[debug] [2022-01-22T17:21:08.155Z] Using project from CLI flag: super-play-a06f4
[debug] [2022-01-22T17:21:08.157Z] > refreshing access token with scopes: []
[debug] [2022-01-22T17:21:08.158Z] >>> HTTP REQUEST POST https://www.googleapis.com/oauth2/v3/token  
 <request body omitted>
[debug] [2022-01-22T17:21:08.843Z] <<< HTTP RESPONSE 200 {"pragma":"no-cache","expires":"Mon, 01 Jan 1990 00:00:00 GMT","date":"Sat, 22 Jan 2022 17:21:04 GMT","cache-control":"no-cache, no-store, max-age=0, must-revalidate","content-type":"application/json; charset=utf-8","vary":"X-Origin, Referer, Origin,Accept-Encoding","server":"scaffolding on HTTPServer2","x-xss-protection":"0","x-frame-options":"SAMEORIGIN","x-content-type-options":"nosniff","alt-svc":"h3=\":443\"; ma=2592000,h3-29=\":443\"; ma=2592000,h3-Q050=\":443\"; ma=2592000,h3-Q046=\":443\"; ma=2592000,h3-Q043=\":443\"; ma=2592000,quic=\":443\"; ma=2592000; v=\"46,43\"","accept-ranges":"none","transfer-encoding":"chunked"}
[debug] [2022-01-22T17:21:08.912Z] >>> [apiv2][query] GET https://firebase.googleapis.com/v1beta1/projects/super-play-a06f4 [none]
[debug] [2022-01-22T17:21:09.506Z] <<< [apiv2][status] GET https://firebase.googleapis.com/v1beta1/projects/super-play-a06f4 200
[debug] [2022-01-22T17:21:09.507Z] <<< [apiv2][body] GET https://firebase.googleapis.com/v1beta1/projects/super-play-a06f4 {"projectId":"super-play-a06f4","projectNumber":"219570564733","displayName":"Super-play","name":"projects/super-play-a06f4","resources":{"hostingSite":"super-play-a06f4"},"state":"ACTIVE"}
[info] i  Using project super-play-a06f4 (Super-play) 
[info] 
=== Hosting Setup
[info] 
[info] Your public directory is the folder (relative to your project directory) that
[info] will contain Hosting assets to be uploaded with firebase deploy. If you
[info] have a build process for your assets, use your build's output directory.
[info] 
[debug] [2022-01-22T17:23:34.267Z] Error: kill ENOSYS
    at process.kill (internal/process/per_thread.js:200:13)
    at process.listener (C:\Users\WiNDows\AppData\Roaming\npm\node_modules\firebase-tools\node_modules\signal-exit\index.js:95:15)
    at process.emit (events.js:315:20)
[error] 
[error] Error: An unexpected error has occurred.
